Build started 09/03/2015 12:31:54.
     1>Project "C:\Users\blogs_000\Documents\Visual Studio 2012\Projects\Football RPG\cube\cube.vcxproj" on node 2 (Build target(s)).
     1>ClCompile:
         C:\Program Files (x86)\Microsoft Visual Studio 11.0\VC\bin\CL.exe /c /ZI /nologo /W3 /WX- /sdl /Od /Oy- /D _MBCS /Gm /EHsc /RTC1 /MDd /GS /fp:precise /Zc:wchar_t /Zc:forScope /Fo"Debug\\" /Fd"Debug\vc110.pdb" /Gd /TP /analyze- /errorReport:prompt Game.cpp GameManagement.cpp
         GameManagement.cpp
     1>c:\users\blogs_000\documents\visual studio 2012\projects\football rpg\cube\gamestate.h(1): warning C4067: unexpected tokens following preprocessor directive - expected a newline
     1>c:\users\blogs_000\documents\visual studio 2012\projects\football rpg\cube\gamestate.h(2): error C2008: '.' : unexpected in macro definition
     1>c:\users\blogs_000\documents\visual studio 2012\projects\football rpg\cube\gamemanagement.cpp(9): error C2653: 'game' : is not a class or namespace name
         Game.cpp
     1>c:\users\blogs_000\documents\visual studio 2012\projects\football rpg\cube\gamestate.h(1): warning C4067: unexpected tokens following preprocessor directive - expected a newline
     1>c:\users\blogs_000\documents\visual studio 2012\projects\football rpg\cube\gamestate.h(2): error C2008: '.' : unexpected in macro definition
     1>c:\users\blogs_000\documents\visual studio 2012\projects\football rpg\cube\game.cpp(40): warning C4244: 'argument' : conversion from 'time_t' to 'unsigned int', possible loss of data
         Generating Code...
     1>Done Building Project "C:\Users\blogs_000\Documents\Visual Studio 2012\Projects\Football RPG\cube\cube.vcxproj" (Build target(s)) -- FAILED.

Build FAILED.

Time Elapsed 00:00:03.52
